<?xml version="1.0" encoding="UTF-8"?>
<testsuite xmlns:xsi="http://www.w3.org/2001/XMLSchema-instance" xsi:noNamespaceSchemaLocation="https://maven.apache.org/surefire/maven-surefire-plugin/xsd/surefire-test-report.xsd" name="markit.services.batch.BatchConsumerImplTest" time="0.003" tests="5" errors="0" skipped="0" failures="0">
  <properties>
[...]
</properties>
  <testcase name="testBatchUploadBeforeCancel" classname="markit.services.batch.BatchConsumerImplTest" time="0.001"/>
  <testcase name="testBatchConsumerWrongBatchUpload" classname="markit.services.batch.BatchConsumerImplTest" time="0"/>
  <testcase name="testBatchConsumerBatchUploadThreeTime" classname="markit.services.batch.BatchConsumerImplTest" time="0"/>
  <testcase name="testBatchConsumerBatchUploadOneTime" classname="markit.services.batch.BatchConsumerImplTest" time="0.001"/>
  <testcase name="testBatchConsumerWrongBatchStart" classname="markit.services.batch.BatchConsumerImplTest" time="0"/>
</testsuite>